actionid: python
msg: getenv
cmdargs: ['/Users/mockoro/python-workspace/graphex/.tox/python/bin/pip', 'install', '-rrequirements.txt', '-rrequirements-test.txt']

Collecting cycler==0.10.0 (from -r requirements.txt (line 1))
  Using cached cycler-0.10.0-py2.py3-none-any.whl
Collecting decorator==4.1.2 (from -r requirements.txt (line 2))
  Using cached decorator-4.1.2-py2.py3-none-any.whl
Collecting future==0.16.0 (from -r requirements.txt (line 3))
  Using cached future-0.16.0.tar.gz
Collecting Graphillion==1.0 (from -r requirements.txt (line 4))
  Using cached Graphillion-1.0.tar.gz
Collecting matplotlib==2.0.2 (from -r requirements.txt (line 5))
  Using cached matplotlib-2.0.2-cp35-cp35m-macosx_10_6_intel.macosx_10_9_intel.macosx_10_9_x86_64.macosx_10_10_intel.macosx_10_10_x86_64.whl
Collecting networkx==2.0 (from -r requirements.txt (line 6))
  Using cached networkx-2.0.zip
Collecting numpy==1.13.3 (from -r requirements.txt (line 7))
  Using cached numpy-1.13.3-cp35-cp35m-macosx_10_6_intel.macosx_10_9_intel.macosx_10_9_x86_64.macosx_10_10_intel.macosx_10_10_x86_64.whl
Collecting pyparsing==2.2.0 (from -r requirements.txt (line 8))
  Using cached pyparsing-2.2.0-py2.py3-none-any.whl
Collecting python-dateutil==2.6.1 (from -r requirements.txt (line 9))
  Using cached python_dateutil-2.6.1-py2.py3-none-any.whl
Collecting pytz==2017.2 (from -r requirements.txt (line 10))
  Using cached pytz-2017.2-py2.py3-none-any.whl
Collecting six==1.11.0 (from -r requirements.txt (line 11))
  Using cached six-1.11.0-py2.py3-none-any.whl
Collecting nose (from -r requirements-test.txt (line 1))
  Using cached nose-1.3.7-py3-none-any.whl
Collecting coverage (from -r requirements-test.txt (line 2))
  Using cached coverage-4.4.1-cp35-cp35m-macosx_10_10_x86_64.whl
Collecting coveralls (from -r requirements-test.txt (line 3))
  Using cached coveralls-1.2.0-py2.py3-none-any.whl
Collecting docopt>=0.6.1 (from coveralls->-r requirements-test.txt (line 3))
Collecting requests>=1.0.0 (from coveralls->-r requirements-test.txt (line 3))
  Using cached requests-2.18.4-py2.py3-none-any.whl
Collecting certifi>=2017.4.17 (from requests>=1.0.0->coveralls->-r requirements-test.txt (line 3))
  Using cached certifi-2017.7.27.1-py2.py3-none-any.whl
Collecting chardet<3.1.0,>=3.0.2 (from requests>=1.0.0->coveralls->-r requirements-test.txt (line 3))
  Using cached chardet-3.0.4-py2.py3-none-any.whl
Collecting idna<2.7,>=2.5 (from requests>=1.0.0->coveralls->-r requirements-test.txt (line 3))
  Using cached idna-2.6-py2.py3-none-any.whl
Collecting urllib3<1.23,>=1.21.1 (from requests>=1.0.0->coveralls->-r requirements-test.txt (line 3))
  Using cached urllib3-1.22-py2.py3-none-any.whl
Building wheels for collected packages: future, Graphillion, networkx
  Running setup.py bdist_wheel for future: started
  Running setup.py bdist_wheel for future: finished with status 'done'
  Stored in directory: /Users/mockoro/Library/Caches/pip/wheels/c2/50/7c/0d83b4baac4f63ff7a765bd16390d2ab43c93587fac9d6017a
  Running setup.py bdist_wheel for Graphillion: started
  Running setup.py bdist_wheel for Graphillion: finished with status 'done'
  Stored in directory: /Users/mockoro/Library/Caches/pip/wheels/a3/d5/aa/e856ce834c3080f706f3267ce4aa1a990525c85068114000a2
  Running setup.py bdist_wheel for networkx: started
  Running setup.py bdist_wheel for networkx: finished with status 'done'
  Stored in directory: /Users/mockoro/Library/Caches/pip/wheels/27/82/23/785d5d01de2271edf929ac2761cb5dafc0dfa76a0861bfd128
Successfully built future Graphillion networkx
Installing collected packages: six, cycler, decorator, future, Graphillion, python-dateutil, numpy, pytz, pyparsing, matplotlib, networkx, nose, coverage, docopt, certifi, chardet, idna, urllib3, requests, coveralls
Successfully installed Graphillion-1.0 certifi-2017.7.27.1 chardet-3.0.4 coverage-4.4.1 coveralls-1.2.0 cycler-0.10.0 decorator-4.1.2 docopt-0.6.2 future-0.16.0 idna-2.6 matplotlib-2.0.2 networkx-2.0 nose-1.3.7 numpy-1.13.3 pyparsing-2.2.0 python-dateutil-2.6.1 pytz-2017.2 requests-2.18.4 six-1.11.0 urllib3-1.22
